Detecting C compiler ABI info failed to compile with the following output:
Change Dir: C:/Users/Danil/Desktop/LinuxCOD_GUI/CMakeFiles/CMakeTmp

Run Build Command(s):jom /nologo cmTC_ab065\fast && Не удается найти указанный файл
Generator: execution of make failed. Make command was: jom /nologo cmTC_ab065\fast && 



Determining if the C compiler works failed with the following output:
Change Dir: C:/Users/Danil/Desktop/LinuxCOD_GUI/CMakeFiles/CMakeTmp

Run Build Command(s):jom /nologo cmTC_8b842\fast && Не удается найти указанный файл
Generator: execution of make failed. Make command was: jom /nologo cmTC_8b842\fast && 


Detecting C compiler ABI info failed to compile with the following output:
Change Dir: C:/Users/Danil/Desktop/LinuxCOD_GUI/CMakeFiles/CMakeTmp

Run Build Command(s):jom /nologo cmTC_90488\fast && Не удается найти указанный файл
Generator: execution of make failed. Make command was: jom /nologo cmTC_90488\fast && 



Determining if the C compiler works failed with the following output:
Change Dir: C:/Users/Danil/Desktop/LinuxCOD_GUI/CMakeFiles/CMakeTmp

Run Build Command(s):jom /nologo cmTC_a8a3e\fast && Не удается найти указанный файл
Generator: execution of make failed. Make command was: jom /nologo cmTC_a8a3e\fast && 


Detecting C compiler ABI info failed to compile with the following output:
Change Dir: C:/Users/Danil/Desktop/LinuxCOD_GUI/CMakeFiles/CMakeTmp

Run Build Command(s):jom /nologo cmTC_c0d76\fast && Не удается найти указанный файл
Generator: execution of make failed. Make command was: jom /nologo cmTC_c0d76\fast && 



Determining if the C compiler works failed with the following output:
Change Dir: C:/Users/Danil/Desktop/LinuxCOD_GUI/CMakeFiles/CMakeTmp

Run Build Command(s):jom /nologo cmTC_a7b2a\fast && Не удается найти указанный файл
Generator: execution of make failed. Make command was: jom /nologo cmTC_a7b2a\fast && 


Compiling the C compiler identification source file "CMakeCCompilerId.c" failed.
Compiler: C:/Program Files (x86)/Microsoft Visual Studio 14.0/VC/BIN/x86_amd64/cl.exe 
Build flags: /DWIN32;/D_WINDOWS;/W3
Id flags:  

The output was:
2
Microsoft (R) C/C++ Optimizing Compiler Version 19.00.24215.1 for x64
Copyright (C) Microsoft Corporation.  All rights reserved.

CMakeCCompilerId.c
Microsoft (R) Incremental Linker Version 14.00.24215.1
Copyright (C) Microsoft Corporation.  All rights reserved.

/out:CMakeCCompilerId.exe 
CMakeCCompilerId.obj 
LINK : error LNK2001: unresolved external symbol mainCRTStartup
C:\Program Files (x86)\Microsoft Visual Studio 14.0\VC\LIB\LIBCMT.lib : warning LNK4272: library machine type 'X86' conflicts with target machine type 'x64'
CMakeCCompilerId.exe : fatal error LNK1120: 1 unresolved externals


Compiling the CXX compiler identification source file "CMakeCXXCompilerId.cpp" failed.
Compiler: C:/Program Files (x86)/Microsoft Visual Studio 14.0/VC/BIN/x86_amd64/cl.exe 
Build flags: 
Id flags:  

The output was:
2
Microsoft (R) C/C++ Optimizing Compiler Version 19.00.24215.1 for x64
Copyright (C) Microsoft Corporation.  All rights reserved.

CMakeCXXCompilerId.cpp
Microsoft (R) Incremental Linker Version 14.00.24215.1
Copyright (C) Microsoft Corporation.  All rights reserved.

/out:CMakeCXXCompilerId.exe 
CMakeCXXCompilerId.obj 
LINK : error LNK2001: unresolved external symbol mainCRTStartup
C:\Program Files (x86)\Microsoft Visual Studio 14.0\VC\LIB\LIBCMT.lib : warning LNK4272: library machine type 'X86' conflicts with target machine type 'x64'
CMakeCXXCompilerId.exe : fatal error LNK1120: 1 unresolved externals


Detecting C compiler ABI info failed to compile with the following output:
Change Dir: C:/Users/Danil/Desktop/LinuxCOD_GUI/CMakeFiles/CMakeTmp

Run Build Command(s):jom /nologo cmTC_aa51f\fast && Не удается найти указанный файл
Generator: execution of make failed. Make command was: jom /nologo cmTC_aa51f\fast && 



Determining if the C compiler works failed with the following output:
Change Dir: C:/Users/Danil/Desktop/LinuxCOD_GUI/CMakeFiles/CMakeTmp

Run Build Command(s):jom /nologo cmTC_20c6f\fast && Не удается найти указанный файл
Generator: execution of make failed. Make command was: jom /nologo cmTC_20c6f\fast && 


Detecting C compiler ABI info failed to compile with the following output:
Change Dir: C:/Users/Danil/Desktop/LinuxCOD_GUI/CMakeFiles/CMakeTmp

Run Build Command(s):jom /nologo cmTC_d220f\fast && Не удается найти указанный файл
Generator: execution of make failed. Make command was: jom /nologo cmTC_d220f\fast && 



Determining if the C compiler works failed with the following output:
Change Dir: C:/Users/Danil/Desktop/LinuxCOD_GUI/CMakeFiles/CMakeTmp

Run Build Command(s):jom /nologo cmTC_0e20b\fast && Не удается найти указанный файл
Generator: execution of make failed. Make command was: jom /nologo cmTC_0e20b\fast && 


